android/app/build/intermediates/manifest_merge_blame_file/debug/manifest-merger-blame-debug-report.txt
1<?xml version="1.0" encoding="utf-8"?>
2<manifest xmlns:android="http://schemas.android.com/apk/res/android"
3    package="com.cpckingdom.nyokah"
4    android:versionCode="1"
5    android:versionName="1.0" >
6
7    <uses-sdk
8        android:minSdkVersion="21"
8-->src\main\AndroidManifest.xml
9        android:targetSdkVersion="29" />
9-->src\main\AndroidManifest.xml
10
11    <!-- Permissions -->
12
13    <uses-permission android:name="android.permission.INTERNET" />
13-->src\main\AndroidManifest.xml:49:5-67
13-->src\main\AndroidManifest.xml:49:22-64
14    <!-- Camera, Photos, input file -->
15    <uses-permission android:name="android.permission.READ_EXTERNAL_STORAGE" />
15-->src\main\AndroidManifest.xml:51:5-79
15-->src\main\AndroidManifest.xml:51:22-77
16    <uses-permission android:name="android.permission.WRITE_EXTERNAL_STORAGE" />
16-->src\main\AndroidManifest.xml:52:5-81
16-->src\main\AndroidManifest.xml:52:22-78
17    <!-- Geolocation API -->
18    <uses-permission android:name="android.permission.ACCESS_COARSE_LOCATION" />
18-->src\main\AndroidManifest.xml:54:5-81
18-->src\main\AndroidManifest.xml:54:22-78
19    <uses-permission android:name="android.permission.ACCESS_FINE_LOCATION" />
19-->src\main\AndroidManifest.xml:55:5-79
19-->src\main\AndroidManifest.xml:55:22-76
20
21    <uses-feature android:name="android.hardware.location.gps" />
21-->src\main\AndroidManifest.xml:56:5-66
21-->src\main\AndroidManifest.xml:56:19-63
22    <!-- Network API -->
23    <uses-permission android:name="android.permission.ACCESS_NETWORK_STATE" />
23-->src\main\AndroidManifest.xml:58:5-79
23-->src\main\AndroidManifest.xml:58:22-76
24    <!-- Navigator.getUserMedia -->
25    <!-- Video -->
26    <uses-permission android:name="android.permission.CAMERA" />
26-->src\main\AndroidManifest.xml:61:5-65
26-->src\main\AndroidManifest.xml:61:22-62
27    <!-- Audio -->
28    <uses-permission android:name="android.permission.RECORD_AUDIO" />
28-->src\main\AndroidManifest.xml:63:5-71
28-->src\main\AndroidManifest.xml:63:22-68
29    <uses-permission android:name="android.permission.MODIFY_AUDIO_SETTINGS" />
29-->src\main\AndroidManifest.xml:64:5-79
29-->src\main\AndroidManifest.xml:64:22-77
30
31    <uses-feature
31-->[:capacitor-android] AndroidManifest.xml:11:5-13:36
32        android:name="android.hardware.camera"
32-->[:capacitor-android] AndroidManifest.xml:12:9-47
33        android:required="false" />
33-->[:capacitor-android] AndroidManifest.xml:13:9-33
34
35    <uses-permission android:name="android.permission.RECEIVE_BOOT_COMPLETED" />
35-->[:capacitor-android] AndroidManifest.xml:15:5-81
35-->[:capacitor-android] AndroidManifest.xml:15:22-78
36    <uses-permission android:name="android.permission.WAKE_LOCK" />
36-->[:capacitor-android] AndroidManifest.xml:16:5-68
36-->[:capacitor-android] AndroidManifest.xml:16:22-65
37    <uses-permission android:name="android.permission.CALL_PHONE" />
37-->[:capacitor-cordova-android-plugins] AndroidManifest.xml:12:5-69
37-->[:capacitor-cordova-android-plugins] AndroidManifest.xml:12:22-66
38
39    <uses-feature
39-->[:capacitor-cordova-android-plugins] AndroidManifest.xml:14:5-16:36
40        android:name="android.hardware.telephony"
40-->[:capacitor-cordova-android-plugins] AndroidManifest.xml:15:9-50
41        android:required="false" /> <!-- Required by older versions of Google Play services to create IID tokens -->
41-->[:capacitor-cordova-android-plugins] AndroidManifest.xml:16:9-33
42    <uses-permission android:name="com.google.android.c2dm.permission.RECEIVE" />
42-->[com.google.firebase:firebase-iid:20.1.1] AndroidManifest.xml:26:5-82
42-->[com.google.firebase:firebase-iid:20.1.1] AndroidManifest.xml:26:22-79
43
44    <application
44-->src\main\AndroidManifest.xml:5:5-45:19
45        android:allowBackup="true"
45-->src\main\AndroidManifest.xml:6:9-35
46        android:appComponentFactory="androidx.core.app.CoreComponentFactory"
46-->[androidx.core:core:1.2.0] AndroidManifest.xml:24:18-86
47        android:debuggable="true"
48        android:icon="@mipmap/ic_launcher"
48-->src\main\AndroidManifest.xml:7:9-43
49        android:label="@string/app_name"
49-->src\main\AndroidManifest.xml:8:9-41
50        android:roundIcon="@mipmap/ic_launcher_round"
50-->src\main\AndroidManifest.xml:9:9-54
51        android:supportsRtl="true"
51-->src\main\AndroidManifest.xml:10:9-35
52        android:theme="@style/AppTheme"
52-->src\main\AndroidManifest.xml:12:9-40
53        android:usesCleartextTraffic="true" >
53-->src\main\AndroidManifest.xml:11:9-44
54        <activity
54-->src\main\AndroidManifest.xml:14:9-34:20
55            android:name="com.cpckingdom.nyokah.MainActivity"
55-->src\main\AndroidManifest.xml:16:13-62
56            android:configChanges="orientation|keyboardHidden|keyboard|screenSize|locale|smallestScreenSize|screenLayout|uiMode"
56-->src\main\AndroidManifest.xml:15:13-129
57            android:label="@string/title_activity_main"
57-->src\main\AndroidManifest.xml:17:13-56
58            android:launchMode="singleTask"
58-->src\main\AndroidManifest.xml:20:13-44
59            android:screenOrientation="portrait"
59-->src\main\AndroidManifest.xml:18:13-49
60            android:theme="@style/AppTheme.NoActionBarLaunch" >
60-->src\main\AndroidManifest.xml:19:13-62
61            <intent-filter>
61-->src\main\AndroidManifest.xml:22:13-25:29
62                <action android:name="android.intent.action.MAIN" />
62-->src\main\AndroidManifest.xml:23:17-69
62-->src\main\AndroidManifest.xml:23:25-66
63
64                <category android:name="android.intent.category.LAUNCHER" />
64-->src\main\AndroidManifest.xml:24:17-77
64-->src\main\AndroidManifest.xml:24:27-74
65            </intent-filter>
66            <intent-filter>
66-->src\main\AndroidManifest.xml:27:13-32:29
67                <action android:name="android.intent.action.VIEW" />
67-->src\main\AndroidManifest.xml:28:17-69
67-->src\main\AndroidManifest.xml:28:25-66
68
69                <category android:name="android.intent.category.DEFAULT" />
69-->src\main\AndroidManifest.xml:29:17-76
69-->src\main\AndroidManifest.xml:29:27-73
70                <category android:name="android.intent.category.BROWSABLE" />
70-->src\main\AndroidManifest.xml:30:17-78
70-->src\main\AndroidManifest.xml:30:27-75
71
72                <data android:scheme="@string/custom_url_scheme" />
72-->src\main\AndroidManifest.xml:31:17-68
72-->src\main\AndroidManifest.xml:31:23-65
73            </intent-filter>
74        </activity>
75
76        <provider
77            android:name="androidx.core.content.FileProvider"
77-->src\main\AndroidManifest.xml:37:13-62
78            android:authorities="com.cpckingdom.nyokah.fileprovider"
78-->src\main\AndroidManifest.xml:38:13-64
79            android:exported="false"
79-->src\main\AndroidManifest.xml:39:13-37
80            android:grantUriPermissions="true" >
80-->src\main\AndroidManifest.xml:40:13-47
81            <meta-data
81-->src\main\AndroidManifest.xml:41:13-43:64
82                android:name="android.support.FILE_PROVIDER_PATHS"
82-->src\main\AndroidManifest.xml:42:17-67
83                android:resource="@xml/file_paths" />
83-->src\main\AndroidManifest.xml:43:17-51
84        </provider>
85
86        <service
86-->[:capacitor-android] AndroidManifest.xml:19:9-21:40
87            android:name="com.getcapacitor.plugin.background.BackgroundTaskService"
87-->[:capacitor-android] AndroidManifest.xml:20:13-84
88            android:exported="false" />
88-->[:capacitor-android] AndroidManifest.xml:21:13-37
89
90        <receiver android:name="com.getcapacitor.plugin.notification.TimedNotificationPublisher" />
90-->[:capacitor-android] AndroidManifest.xml:23:9-100
90-->[:capacitor-android] AndroidManifest.xml:23:19-97
91        <receiver android:name="com.getcapacitor.plugin.notification.NotificationDismissReceiver" />
91-->[:capacitor-android] AndroidManifest.xml:24:9-101
91-->[:capacitor-android] AndroidManifest.xml:24:19-98
92
93        <meta-data
93-->[:capacitor-android] AndroidManifest.xml:26:9-28:37
94            android:name="firebase_messaging_auto_init_enabled"
94-->[:capacitor-android] AndroidManifest.xml:27:13-64
95            android:value="false" />
95-->[:capacitor-android] AndroidManifest.xml:28:13-34
96
97        <service
97-->[:capacitor-android] AndroidManifest.xml:30:9-36:19
98            android:name="com.getcapacitor.CapacitorFirebaseMessagingService"
98-->[:capacitor-android] AndroidManifest.xml:31:13-78
99            android:stopWithTask="false" >
99-->[:capacitor-android] AndroidManifest.xml:32:13-41
100            <intent-filter>
100-->[:capacitor-android] AndroidManifest.xml:33:13-35:29
101                <action android:name="com.google.firebase.MESSAGING_EVENT" />
101-->[:capacitor-android] AndroidManifest.xml:34:17-78
101-->[:capacitor-android] AndroidManifest.xml:34:25-75
102            </intent-filter>
103        </service>
104
105        <receiver
105-->[:capacitor-android] AndroidManifest.xml:38:9-47:20
106            android:name="com.getcapacitor.plugin.notification.LocalNotificationRestoreReceiver"
106-->[:capacitor-android] AndroidManifest.xml:39:13-97
107            android:directBootAware="true"
107-->[:capacitor-android] AndroidManifest.xml:40:13-43
108            android:exported="false" >
108-->[:capacitor-android] AndroidManifest.xml:41:13-37
109            <intent-filter>
109-->[:capacitor-android] AndroidManifest.xml:42:13-46:29
110                <action android:name="android.intent.action.LOCKED_BOOT_COMPLETED" />
110-->[:capacitor-android] AndroidManifest.xml:43:17-86
110-->[:capacitor-android] AndroidManifest.xml:43:25-83
111                <action android:name="android.intent.action.BOOT_COMPLETED" />
111-->[:capacitor-android] AndroidManifest.xml:44:17-79
111-->[:capacitor-android] AndroidManifest.xml:44:25-76
112                <action android:name="android.intent.action.QUICKBOOT_POWERON" />
112-->[:capacitor-android] AndroidManifest.xml:45:17-82
112-->[:capacitor-android] AndroidManifest.xml:45:25-79
113            </intent-filter>
114        </receiver>
115
116        <provider
116-->[:capacitor-cordova-android-plugins] AndroidManifest.xml:22:9-30:20
117            android:name="de.appplant.cordova.emailcomposer.Provider"
117-->[:capacitor-cordova-android-plugins] AndroidManifest.xml:23:13-70
118            android:authorities="com.cpckingdom.nyokah.emailcomposer.provider"
118-->[:capacitor-cordova-android-plugins] AndroidManifest.xml:24:13-74
119            android:exported="false"
119-->[:capacitor-cordova-android-plugins] AndroidManifest.xml:25:13-37
120            android:grantUriPermissions="true" >
120-->[:capacitor-cordova-android-plugins] AndroidManifest.xml:26:13-47
121            <meta-data
121-->src\main\AndroidManifest.xml:41:13-43:64
122                android:name="android.support.FILE_PROVIDER_PATHS"
122-->src\main\AndroidManifest.xml:42:17-67
123                android:resource="@xml/emailcomposer_provider_paths" />
123-->src\main\AndroidManifest.xml:43:17-51
124        </provider>
125        <!--
126             FirebaseMessagingService performs security checks at runtime,
127             but set to not exported to explicitly avoid allowing another app to call it.
128        -->
129        <service
129-->[com.google.firebase:firebase-messaging:20.1.2] AndroidManifest.xml:28:9-34:19
130            android:name="com.google.firebase.messaging.FirebaseMessagingService"
130-->[com.google.firebase:firebase-messaging:20.1.2] AndroidManifest.xml:29:13-82
131            android:exported="false" >
131-->[com.google.firebase:firebase-messaging:20.1.2] AndroidManifest.xml:30:13-37
132            <intent-filter android:priority="-500" >
132-->[:capacitor-android] AndroidManifest.xml:33:13-35:29
133                <action android:name="com.google.firebase.MESSAGING_EVENT" />
133-->[:capacitor-android] AndroidManifest.xml:34:17-78
133-->[:capacitor-android] AndroidManifest.xml:34:25-75
134            </intent-filter>
135        </service>
136        <service
136-->[com.google.firebase:firebase-messaging:20.1.2] AndroidManifest.xml:35:9-41:19
137            android:name="com.google.firebase.components.ComponentDiscoveryService"
137-->[com.google.firebase:firebase-messaging:20.1.2] AndroidManifest.xml:36:13-84
138            android:directBootAware="true"
138-->[com.google.firebase:firebase-common:19.3.0] AndroidManifest.xml:34:13-43
139            android:exported="false" >
139-->[com.google.firebase:firebase-messaging:20.1.2] AndroidManifest.xml:37:13-37
140            <meta-data
140-->[com.google.firebase:firebase-messaging:20.1.2] AndroidManifest.xml:38:13-40:85
141                android:name="com.google.firebase.components:com.google.firebase.messaging.FirebaseMessagingRegistrar"
141-->[com.google.firebase:firebase-messaging:20.1.2] AndroidManifest.xml:39:17-119
142                android:value="com.google.firebase.components.ComponentRegistrar" />
142-->[com.google.firebase:firebase-messaging:20.1.2] AndroidManifest.xml:40:17-82
143            <meta-data
143-->[com.google.firebase:firebase-datatransport:17.0.3] AndroidManifest.xml:28:13-30:85
144                android:name="com.google.firebase.components:com.google.firebase.datatransport.TransportRegistrar"
144-->[com.google.firebase:firebase-datatransport:17.0.3] AndroidManifest.xml:29:17-115
145                android:value="com.google.firebase.components.ComponentRegistrar" />
145-->[com.google.firebase:firebase-datatransport:17.0.3] AndroidManifest.xml:30:17-82
146            <meta-data
146-->[com.google.firebase:firebase-iid:20.1.1] AndroidManifest.xml:32:13-34:85
147                android:name="com.google.firebase.components:com.google.firebase.iid.Registrar"
147-->[com.google.firebase:firebase-iid:20.1.1] AndroidManifest.xml:33:17-96
148                android:value="com.google.firebase.components.ComponentRegistrar" />
148-->[com.google.firebase:firebase-iid:20.1.1] AndroidManifest.xml:34:17-82
149            <meta-data
149-->[com.google.firebase:firebase-installations:16.0.0] AndroidManifest.xml:17:13-19:85
150                android:name="com.google.firebase.components:com.google.firebase.installations.FirebaseInstallationsRegistrar"
150-->[com.google.firebase:firebase-installations:16.0.0] AndroidManifest.xml:18:17-127
151                android:value="com.google.firebase.components.ComponentRegistrar" />
151-->[com.google.firebase:firebase-installations:16.0.0] AndroidManifest.xml:19:17-82
152        </service>
153
154        <receiver
154-->[com.google.firebase:firebase-iid:20.1.1] AndroidManifest.xml:37:9-44:20
155            android:name="com.google.firebase.iid.FirebaseInstanceIdReceiver"
155-->[com.google.firebase:firebase-iid:20.1.1] AndroidManifest.xml:38:13-78
156            android:exported="true"
156-->[com.google.firebase:firebase-iid:20.1.1] AndroidManifest.xml:39:13-36
157            android:permission="com.google.android.c2dm.permission.SEND" >
157-->[com.google.firebase:firebase-iid:20.1.1] AndroidManifest.xml:40:13-73
158            <intent-filter>
158-->[com.google.firebase:firebase-iid:20.1.1] AndroidManifest.xml:41:13-43:29
159                <action android:name="com.google.android.c2dm.intent.RECEIVE" />
159-->[com.google.firebase:firebase-iid:20.1.1] AndroidManifest.xml:42:17-81
159-->[com.google.firebase:firebase-iid:20.1.1] AndroidManifest.xml:42:25-78
160            </intent-filter>
161        </receiver>
162
163        <provider
163-->[com.google.firebase:firebase-common:19.3.0] AndroidManifest.xml:26:9-30:39
164            android:name="com.google.firebase.provider.FirebaseInitProvider"
164-->[com.google.firebase:firebase-common:19.3.0] AndroidManifest.xml:27:13-77
165            android:authorities="com.cpckingdom.nyokah.firebaseinitprovider"
165-->[com.google.firebase:firebase-common:19.3.0] AndroidManifest.xml:28:13-72
166            android:exported="false"
166-->[com.google.firebase:firebase-common:19.3.0] AndroidManifest.xml:29:13-37
167            android:initOrder="100" />
167-->[com.google.firebase:firebase-common:19.3.0] AndroidManifest.xml:30:13-36
168
169        <activity
169-->[com.google.android.gms:play-services-base:17.0.0] AndroidManifest.xml:23:9-26:75
170            android:name="com.google.android.gms.common.api.GoogleApiActivity"
170-->[com.google.android.gms:play-services-base:17.0.0] AndroidManifest.xml:24:13-79
171            android:exported="false"
171-->[com.google.android.gms:play-services-base:17.0.0] AndroidManifest.xml:25:13-37
172            android:theme="@android:style/Theme.Translucent.NoTitleBar" />
172-->[com.google.android.gms:play-services-base:17.0.0] AndroidManifest.xml:26:13-72
173
174        <meta-data
174-->[com.google.android.gms:play-services-basement:17.0.0] AndroidManifest.xml:23:9-25:69
175            android:name="com.google.android.gms.version"
175-->[com.google.android.gms:play-services-basement:17.0.0] AndroidManifest.xml:24:13-58
176            android:value="@integer/google_play_services_version" />
176-->[com.google.android.gms:play-services-basement:17.0.0] AndroidManifest.xml:25:13-66
177
178        <service
178-->[com.google.android.datatransport:transport-backend-cct:2.2.0] AndroidManifest.xml:29:9-35:19
179            android:name="com.google.android.datatransport.runtime.backends.TransportBackendDiscovery"
179-->[com.google.android.datatransport:transport-backend-cct:2.2.0] AndroidManifest.xml:30:13-103
180            android:exported="false" >
180-->[com.google.android.datatransport:transport-backend-cct:2.2.0] AndroidManifest.xml:31:13-37
181            <meta-data
181-->[com.google.android.datatransport:transport-backend-cct:2.2.0] AndroidManifest.xml:32:13-34:39
182                android:name="backend:com.google.android.datatransport.cct.CctBackendFactory"
182-->[com.google.android.datatransport:transport-backend-cct:2.2.0] AndroidManifest.xml:33:17-94
183                android:value="cct" />
183-->[com.google.android.datatransport:transport-backend-cct:2.2.0] AndroidManifest.xml:34:17-36
184        </service>
185        <service
185-->[com.google.android.datatransport:transport-runtime:2.2.0] AndroidManifest.xml:26:9-30:19
186            android:name="com.google.android.datatransport.runtime.scheduling.jobscheduling.JobInfoSchedulerService"
186-->[com.google.android.datatransport:transport-runtime:2.2.0] AndroidManifest.xml:27:13-117
187            android:exported="false"
187-->[com.google.android.datatransport:transport-runtime:2.2.0] AndroidManifest.xml:28:13-37
188            android:permission="android.permission.BIND_JOB_SERVICE" >
188-->[com.google.android.datatransport:transport-runtime:2.2.0] AndroidManifest.xml:29:13-69
189        </service>
190
191        <receiver
191-->[com.google.android.datatransport:transport-runtime:2.2.0] AndroidManifest.xml:32:9-34:40
192            android:name="com.google.android.datatransport.runtime.scheduling.jobscheduling.AlarmManagerSchedulerBroadcastReceiver"
192-->[com.google.android.datatransport:transport-runtime:2.2.0] AndroidManifest.xml:33:13-132
193            android:exported="false" />
193-->[com.google.android.datatransport:transport-runtime:2.2.0] AndroidManifest.xml:34:13-37
194    </application>
195
196</manifest>